<?xml version="1.0" encoding="UTF-8"?>
<!-- Generated by org.testng.reporters.JUnitXMLReporter -->
<testsuite hostname="P4A-508SD6S" name="Test" tests="2" failures="1" timestamp="25 Jul 2018 06:49:49 GMT" time="0.971" errors="0">
  <testcase name="Logininvalid" time="0.045" classname="tests.Logintest">
    <failure type="junit.framework.ComparisonFailure" message="expected:&amp;lt;Tested[123]&amp;gt; but was:&amp;lt;Tested[]&amp;gt;">
      <![CDATA[junit.framework.ComparisonFailure: expected:<Tested[123]> but was:<Tested[]>
	at junit.framework.Assert.assertEquals(Assert.java:85)
	at junit.framework.Assert.assertEquals(Assert.java:91)
	at tests.Logintest.Logininvalid(Logintest.java:19)
... Removed 24 stack frames]]>
    </failure>
  </testcase> <!-- Logininvalid -->
  <testcase name="Loginvalid" time="0.005" classname="tests.Logintest"/>
</testsuite> <!-- Test -->
