<?xml version="1.0" encoding="UTF-8"?>
<testng-results skipped="0" failed="1" total="3" passed="2">
  <reporter-output>
  </reporter-output>
  <suite name="Suite" duration-ms="22271" started-at="2018-07-25T06:49:48Z" finished-at="2018-07-25T06:50:10Z">
    <groups>
    </groups>
    <test name="Test" duration-ms="971" started-at="2018-07-25T06:49:48Z" finished-at="2018-07-25T06:49:49Z">
      <class name="tests.Logintest">
        <test-method status="FAIL" signature="Logininvalid()[pri:0, instance:tests.Logintest@8bd1b6a]" name="Logininvalid" duration-ms="45" started-at="2018-07-25T12:19:49Z" finished-at="2018-07-25T12:19:49Z">
          <exception class="junit.framework.ComparisonFailure">
            <message>
              <![CDATA[expected:<Tested[123]> but was:<Tested[]>]]>
            </message>
            <full-stacktrace>
              <![CDATA[junit.framework.ComparisonFailure: expected:<Tested[123]> but was:<Tested[]>
	at junit.framework.Assert.assertEquals(Assert.java:85)
	at junit.framework.Assert.assertEquals(Assert.java:91)
	at tests.Logintest.Logininvalid(Logintest.java:19)
	at sun.reflect.NativeMethodAccessorImpl.invoke0(Native Method)
	at sun.reflect.NativeMethodAccessorImpl.invoke(Unknown Source)
	at sun.reflect.DelegatingMethodAccessorImpl.invoke(Unknown Source)
	at java.lang.reflect.Method.invoke(Unknown Source)
	at org.testng.internal.MethodInvocationHelper.invokeMethod(MethodInvocationHelper.java:80)
	at org.testng.internal.Invoker.invokeMethod(Invoker.java:714)
	at org.testng.internal.Invoker.invokeTestMethod(Invoker.java:901)
	at org.testng.internal.Invoker.invokeTestMethods(Invoker.java:1231)
	at org.testng.internal.TestMethodWorker.invokeTestMethods(TestMethodWorker.java:127)
	at org.testng.internal.TestMethodWorker.run(TestMethodWorker.java:111)
	at org.testng.TestRunner.privateRun(TestRunner.java:767)
	at org.testng.TestRunner.run(TestRunner.java:617)
	at org.testng.SuiteRunner.runTest(SuiteRunner.java:334)
	at org.testng.SuiteRunner.runSequentially(SuiteRunner.java:329)
	at org.testng.SuiteRunner.privateRun(SuiteRunner.java:291)
	at org.testng.SuiteRunner.run(SuiteRunner.java:240)
	at org.testng.SuiteRunnerWorker.runSuite(SuiteRunnerWorker.java:52)
	at org.testng.SuiteRunnerWorker.run(SuiteRunnerWorker.java:86)
	at org.testng.TestNG.runSuitesSequentially(TestNG.java:1198)
	at org.testng.TestNG.runSuitesLocally(TestNG.java:1123)
	at org.testng.TestNG.run(TestNG.java:1031)
	at org.testng.remote.AbstractRemoteTestNG.run(AbstractRemoteTestNG.java:114)
	at org.testng.remote.RemoteTestNG.initAndRun(RemoteTestNG.java:251)
	at org.testng.remote.RemoteTestNG.main(RemoteTestNG.java:77)
]]>
            </full-stacktrace>
          </exception> <!-- junit.framework.ComparisonFailure -->
          <reporter-output>
          </reporter-output>
        </test-method> <!-- Logininvalid -->
        <test-method status="PASS" signature="Loginvalid()[pri:0, instance:tests.Logintest@8bd1b6a]" name="Loginvalid" duration-ms="5" started-at="2018-07-25T12:19:49Z" finished-at="2018-07-25T12:19:49Z">
          <reporter-output>
          </reporter-output>
        </test-method> <!-- Loginvalid -->
      </class> <!-- tests.Logintest -->
    </test> <!-- Test -->
    <test name="Test2" duration-ms="20492" started-at="2018-07-25T06:49:50Z" finished-at="2018-07-25T06:50:10Z">
      <class name="tests.RegistrationTest">
        <test-method status="PASS" signature="beforeTest()[pri:0, instance:tests.RegistrationTest@4dfa3a9d]" name="beforeTest" is-config="true" duration-ms="15256" started-at="2018-07-25T12:19:50Z" finished-at="2018-07-25T12:20:05Z">
          <reporter-output>
          </reporter-output>
        </test-method> <!-- beforeTest -->
        <test-method status="PASS" signature="f()[pri:0, instance:tests.RegistrationTest@4dfa3a9d]" name="f" duration-ms="5218" started-at="2018-07-25T12:20:05Z" finished-at="2018-07-25T12:20:10Z">
          <reporter-output>
          </reporter-output>
        </test-method> <!-- f -->
        <test-method status="PASS" signature="afterTest()[pri:0, instance:tests.RegistrationTest@4dfa3a9d]" name="afterTest" is-config="true" duration-ms="0" started-at="2018-07-25T12:20:10Z" finished-at="2018-07-25T12:20:10Z">
          <reporter-output>
          </reporter-output>
        </test-method> <!-- afterTest -->
      </class> <!-- tests.RegistrationTest -->
    </test> <!-- Test2 -->
  </suite> <!-- Suite -->
</testng-results>
