<?xml version="1.0" encoding="UTF-8"?>
<!-- Generated by org.testng.reporters.JUnitXMLReporter -->
<testsuite hostname="P4A-508SD6S" name="Test" tests="2" failures="1" timestamp="25 Jul 2018 07:15:02 GMT" time="3.571" errors="0">
  <testcase name="Logininvalid" time="0.051" classname="tests.Logintest">
    <failure type="junit.framework.ComparisonFailure" message="expected:&amp;lt;Tested[123]&amp;gt; but was:&amp;lt;Tested[]&amp;gt;">
      <![CDATA[junit.framework.ComparisonFailure: expected:<Tested[123]> but was:<Tested[]>
	at junit.framework.Assert.assertEquals(Assert.java:85)
	at junit.framework.Assert.assertEquals(Assert.java:91)
	at tests.Logintest.Logininvalid(Logintest.java:19)
	at org.apache.maven.surefire.testng.TestNGExecutor.run(TestNGExecutor.java:295)
	at org.apache.maven.surefire.testng.TestNGXmlTestSuite.execute(TestNGXmlTestSuite.java:84)
	at org.apache.maven.surefire.testng.TestNGProvider.invoke(TestNGProvider.java:90)
	at org.apache.maven.surefire.booter.ForkedBooter.invokeProviderInSameClassLoader(ForkedBooter.java:203)
	at org.apache.maven.surefire.booter.ForkedBooter.runSuitesInProcess(ForkedBooter.java:155)
	at org.apache.maven.surefire.booter.ForkedBooter.main(ForkedBooter.java:103)
... Removed 21 stack frames]]>
    </failure>
  </testcase> <!-- Logininvalid -->
  <testcase name="Loginvalid" time="0.001" classname="tests.Logintest"/>
</testsuite> <!-- Test -->
