<?xml version="1.0" encoding="UTF-8"?>
<testng-results skipped="0" failed="1" total="3" passed="2">
  <reporter-output>
  </reporter-output>
  <suite name="Suite" duration-ms="59973" started-at="2018-07-25T07:14:59Z" finished-at="2018-07-25T07:15:59Z">
    <groups>
    </groups>
    <test name="Test" duration-ms="3571" started-at="2018-07-25T07:14:59Z" finished-at="2018-07-25T07:15:02Z">
      <class name="tests.Logintest">
        <test-method status="FAIL" signature="Logininvalid()[pri:0, instance:tests.Logintest@58ceff1]" name="Logininvalid" duration-ms="51" started-at="2018-07-25T12:45:02Z" finished-at="2018-07-25T12:45:02Z">
          <exception class="junit.framework.ComparisonFailure">
            <message>
              <![CDATA[expected:<Tested[123]> but was:<Tested[]>]]>
            </message>
            <full-stacktrace>
              <![CDATA[junit.framework.ComparisonFailure: expected:<Tested[123]> but was:<Tested[]>
	at junit.framework.Assert.assertEquals(Assert.java:85)
	at junit.framework.Assert.assertEquals(Assert.java:91)
	at tests.Logintest.Logininvalid(Logintest.java:19)
	at sun.reflect.NativeMethodAccessorImpl.invoke0(Native Method)
	at sun.reflect.NativeMethodAccessorImpl.invoke(NativeMethodAccessorImpl.java:62)
	at sun.reflect.DelegatingMethodAccessorImpl.invoke(DelegatingMethodAccessorImpl.java:43)
	at java.lang.reflect.Method.invoke(Method.java:498)
	at org.testng.internal.MethodInvocationHelper.invokeMethod(MethodInvocationHelper.java:80)
	at org.testng.internal.Invoker.invokeMethod(Invoker.java:714)
	at org.testng.internal.Invoker.invokeTestMethod(Invoker.java:901)
	at org.testng.internal.Invoker.invokeTestMethods(Invoker.java:1231)
	at org.testng.internal.TestMethodWorker.invokeTestMethods(TestMethodWorker.java:127)
	at org.testng.internal.TestMethodWorker.run(TestMethodWorker.java:111)
	at org.testng.TestRunner.privateRun(TestRunner.java:767)
	at org.testng.TestRunner.run(TestRunner.java:617)
	at org.testng.SuiteRunner.runTest(SuiteRunner.java:334)
	at org.testng.SuiteRunner.runSequentially(SuiteRunner.java:329)
	at org.testng.SuiteRunner.privateRun(SuiteRunner.java:291)
	at org.testng.SuiteRunner.run(SuiteRunner.java:240)
	at org.testng.SuiteRunnerWorker.runSuite(SuiteRunnerWorker.java:52)
	at org.testng.SuiteRunnerWorker.run(SuiteRunnerWorker.java:86)
	at org.testng.TestNG.runSuitesSequentially(TestNG.java:1198)
	at org.testng.TestNG.runSuitesLocally(TestNG.java:1123)
	at org.testng.TestNG.run(TestNG.java:1031)
	at org.apache.maven.surefire.testng.TestNGExecutor.run(TestNGExecutor.java:295)
	at org.apache.maven.surefire.testng.TestNGXmlTestSuite.execute(TestNGXmlTestSuite.java:84)
	at org.apache.maven.surefire.testng.TestNGProvider.invoke(TestNGProvider.java:90)
	at org.apache.maven.surefire.booter.ForkedBooter.invokeProviderInSameClassLoader(ForkedBooter.java:203)
	at org.apache.maven.surefire.booter.ForkedBooter.runSuitesInProcess(ForkedBooter.java:155)
	at org.apache.maven.surefire.booter.ForkedBooter.main(ForkedBooter.java:103)
]]>
            </full-stacktrace>
          </exception> <!-- junit.framework.ComparisonFailure -->
          <reporter-output>
          </reporter-output>
        </test-method> <!-- Logininvalid -->
        <test-method status="PASS" signature="Loginvalid()[pri:0, instance:tests.Logintest@58ceff1]" name="Loginvalid" duration-ms="1" started-at="2018-07-25T12:45:02Z" finished-at="2018-07-25T12:45:02Z">
          <reporter-output>
          </reporter-output>
        </test-method> <!-- Loginvalid -->
      </class> <!-- tests.Logintest -->
    </test> <!-- Test -->
    <test name="Test2" duration-ms="54578" started-at="2018-07-25T07:15:04Z" finished-at="2018-07-25T07:15:59Z">
      <class name="tests.RegistrationTest">
        <test-method status="PASS" signature="beforeTest()[pri:0, instance:tests.RegistrationTest@668bc3d5]" name="beforeTest" is-config="true" duration-ms="40186" started-at="2018-07-25T12:45:04Z" finished-at="2018-07-25T12:45:44Z">
          <reporter-output>
          </reporter-output>
        </test-method> <!-- beforeTest -->
        <test-method status="PASS" signature="f()[pri:0, instance:tests.RegistrationTest@668bc3d5]" name="f" duration-ms="14381" started-at="2018-07-25T12:45:44Z" finished-at="2018-07-25T12:45:59Z">
          <reporter-output>
          </reporter-output>
        </test-method> <!-- f -->
        <test-method status="PASS" signature="afterTest()[pri:0, instance:tests.RegistrationTest@668bc3d5]" name="afterTest" is-config="true" duration-ms="0" started-at="2018-07-25T12:45:59Z" finished-at="2018-07-25T12:45:59Z">
          <reporter-output>
          </reporter-output>
        </test-method> <!-- afterTest -->
      </class> <!-- tests.RegistrationTest -->
    </test> <!-- Test2 -->
  </suite> <!-- Suite -->
</testng-results>
